<?xml version="1.0" encoding="UTF-8"?>
<testsuite xmlns:xsi="http://www.w3.org/2001/XMLSchema-instance" xsi:noNamespaceSchemaLocation="https://maven.apache.org/surefire/maven-surefire-plugin/xsd/surefire-test-report.xsd" name="com.shsxt.AppTest" time="0.029" tests="1" errors="0" skipped="0" failures="0">
  <properties>
    <property name="sun.desktop" value="windows"/>
    <property name="awt.toolkit" value="sun.awt.windows.WToolkit"/>
    <property name="java.specification.version" value="11"/>
    <property name="sun.cpu.isalist" value="amd64"/>
    <property name="sun.jnu.encoding" value="GBK"/>
    <property name="java.class.path" value="D:\Javaday\Azhongji\micro-parent\micro-order\target\test-classes;D:\Javaday\Azhongji\micro-parent\micro-order\target\classes;D:\Maven-Repository\repository\junit\junit\4.11\junit-4.11.jar;D:\Maven-Repository\repository\org\hamcrest\hamcrest-core\1.3\hamcrest-core-1.3.jar;D:\Maven-Repository\repository\org\springframework\boot\spring-boot-starter-tomcat\2.1.0.RELEASE\spring-boot-starter-tomcat-2.1.0.RELEASE.jar;D:\Maven-Repository\repository\javax\annotation\javax.annotation-api\1.3.2\javax.annotation-api-1.3.2.jar;D:\Maven-Repository\repository\org\apache\tomcat\embed\tomcat-embed-core\9.0.12\tomcat-embed-core-9.0.12.jar;D:\Maven-Repository\repository\org\apache\tomcat\embed\tomcat-embed-el\9.0.12\tomcat-embed-el-9.0.12.jar;D:\Maven-Repository\repository\org\apache\tomcat\embed\tomcat-embed-websocket\9.0.12\tomcat-embed-websocket-9.0.12.jar;D:\Maven-Repository\repository\org\springframework\cloud\spring-cloud-starter\2.1.0.M2\spring-cloud-starter-2.1.0.M2.jar;D:\Maven-Repository\repository\org\springframework\boot\spring-boot-starter\2.1.0.RELEASE\spring-boot-starter-2.1.0.RELEASE.jar;D:\Maven-Repository\repository\org\springframework\boot\spring-boot\2.1.0.RELEASE\spring-boot-2.1.0.RELEASE.jar;D:\Maven-Repository\repository\org\springframework\spring-context\5.1.2.RELEASE\spring-context-5.1.2.RELEASE.jar;D:\Maven-Repository\repository\org\springframework\spring-aop\5.1.2.RELEASE\spring-aop-5.1.2.RELEASE.jar;D:\Maven-Repository\repository\org\springframework\spring-beans\5.1.2.RELEASE\spring-beans-5.1.2.RELEASE.jar;D:\Maven-Repository\repository\org\springframework\spring-expression\5.1.2.RELEASE\spring-expression-5.1.2.RELEASE.jar;D:\Maven-Repository\repository\org\springframework\boot\spring-boot-autoconfigure\2.1.0.RELEASE\spring-boot-autoconfigure-2.1.0.RELEASE.jar;D:\Maven-Repository\repository\org\springframework\boot\spring-boot-starter-logging\2.1.0.RELEASE\spring-boot-starter-logging-2.1.0.RELEASE.jar;D:\Maven-Repository\repository\ch\qos\logback\logback-classic\1.2.3\logback-classic-1.2.3.jar;D:\Maven-Repository\repository\ch\qos\logback\logback-core\1.2.3\logback-core-1.2.3.jar;D:\Maven-Repository\repository\org\apache\logging\log4j\log4j-to-slf4j\2.11.1\log4j-to-slf4j-2.11.1.jar;D:\Maven-Repository\repository\org\apache\logging\log4j\log4j-api\2.11.1\log4j-api-2.11.1.jar;D:\Maven-Repository\repository\org\slf4j\jul-to-slf4j\1.7.25\jul-to-slf4j-1.7.25.jar;D:\Maven-Repository\repository\org\springframework\spring-core\5.1.2.RELEASE\spring-core-5.1.2.RELEASE.jar;D:\Maven-Repository\repository\org\springframework\spring-jcl\5.1.2.RELEASE\spring-jcl-5.1.2.RELEASE.jar;D:\Maven-Repository\repository\org\yaml\snakeyaml\1.23\snakeyaml-1.23.jar;D:\Maven-Repository\repository\org\springframework\cloud\spring-cloud-context\2.1.0.M2\spring-cloud-context-2.1.0.M2.jar;D:\Maven-Repository\repository\org\springframework\security\spring-security-crypto\5.1.1.RELEASE\spring-security-crypto-5.1.1.RELEASE.jar;D:\Maven-Repository\repository\org\springframework\cloud\spring-cloud-commons\2.1.0.M2\spring-cloud-commons-2.1.0.M2.jar;D:\Maven-Repository\repository\org\springframework\security\spring-security-rsa\1.0.7.RELEASE\spring-security-rsa-1.0.7.RELEASE.jar;D:\Maven-Repository\repository\org\bouncycastle\bcpkix-jdk15on\1.60\bcpkix-jdk15on-1.60.jar;D:\Maven-Repository\repository\org\bouncycastle\bcprov-jdk15on\1.60\bcprov-jdk15on-1.60.jar;D:\Maven-Repository\repository\org\springframework\cloud\spring-cloud-starter-netflix-eureka-server\2.1.0.M3\spring-cloud-starter-netflix-eureka-server-2.1.0.M3.jar;D:\Maven-Repository\repository\org\springframework\cloud\spring-cloud-netflix-eureka-server\2.1.0.M3\spring-cloud-netflix-eureka-server-2.1.0.M3.jar;D:\Maven-Repository\repository\org\springframework\boot\spring-boot-starter-web\2.1.0.RELEASE\spring-boot-starter-web-2.1.0.RELEASE.jar;D:\Maven-Repository\repository\org\springframework\boot\spring-boot-starter-json\2.1.0.RELEASE\spring-boot-starter-json-2.1.0.RELEASE.jar;D:\Maven-Repository\repository\com\fasterxml\jackson\datatype\jackson-datatype-jdk8\2.9.7\jackson-datatype-jdk8-2.9.7.jar;D:\Maven-Repository\repository\com\fasterxml\jackson\datatype\jackson-datatype-jsr310\2.9.7\jackson-datatype-jsr310-2.9.7.jar;D:\Maven-Repository\repository\com\fasterxml\jackson\module\jackson-module-parameter-names\2.9.7\jackson-module-parameter-names-2.9.7.jar;D:\Maven-Repository\repository\org\hibernate\validator\hibernate-validator\6.0.13.Final\hibernate-validator-6.0.13.Final.jar;D:\Maven-Repository\repository\javax\validation\validation-api\2.0.1.Final\validation-api-2.0.1.Final.jar;D:\Maven-Repository\repository\org\jboss\logging\jboss-logging\3.3.2.Final\jboss-logging-3.3.2.Final.jar;D:\Maven-Repository\repository\com\fasterxml\classmate\1.3.4\classmate-1.3.4.jar;D:\Maven-Repository\repository\org\springframework\spring-web\5.1.2.RELEASE\spring-web-5.1.2.RELEASE.jar;D:\Maven-Repository\repository\org\springframework\spring-webmvc\5.1.2.RELEASE\spring-webmvc-5.1.2.RELEASE.jar;D:\Maven-Repository\repository\org\springframework\boot\spring-boot-starter-actuator\2.1.0.RELEASE\spring-boot-starter-actuator-2.1.0.RELEASE.jar;D:\Maven-Repository\repository\org\springframework\boot\spring-boot-actuator-autoconfigure\2.1.0.RELEASE\spring-boot-actuator-autoconfigure-2.1.0.RELEASE.jar;D:\Maven-Repository\repository\org\springframework\boot\spring-boot-actuator\2.1.0.RELEASE\spring-boot-actuator-2.1.0.RELEASE.jar;D:\Maven-Repository\repository\io\micrometer\micrometer-core\1.1.0\micrometer-core-1.1.0.jar;D:\Maven-Repository\repository\org\hdrhistogram\HdrHistogram\2.1.9\HdrHistogram-2.1.9.jar;D:\Maven-Repository\repository\org\latencyutils\LatencyUtils\2.0.3\LatencyUtils-2.0.3.jar;D:\Maven-Repository\repository\org\springframework\boot\spring-boot-starter-freemarker\2.1.0.RELEASE\spring-boot-starter-freemarker-2.1.0.RELEASE.jar;D:\Maven-Repository\repository\org\freemarker\freemarker\2.3.28\freemarker-2.3.28.jar;D:\Maven-Repository\repository\org\springframework\spring-context-support\5.1.2.RELEASE\spring-context-support-5.1.2.RELEASE.jar;D:\Maven-Repository\repository\org\springframework\cloud\spring-cloud-netflix-hystrix\2.1.0.M3\spring-cloud-netflix-hystrix-2.1.0.M3.jar;D:\Maven-Repository\repository\org\springframework\boot\spring-boot-starter-aop\2.1.0.RELEASE\spring-boot-starter-aop-2.1.0.RELEASE.jar;D:\Maven-Repository\repository\org\aspectj\aspectjweaver\1.9.2\aspectjweaver-1.9.2.jar;D:\Maven-Repository\repository\org\springframework\cloud\spring-cloud-netflix-eureka-client\2.1.0.M3\spring-cloud-netflix-eureka-client-2.1.0.M3.jar;D:\Maven-Repository\repository\com\netflix\eureka\eureka-client\1.9.8\eureka-client-1.9.8.jar;D:\Maven-Repository\repository\org\codehaus\jettison\jettison\1.3.7\jettison-1.3.7.jar;D:\Maven-Repository\repository\stax\stax-api\1.0.1\stax-api-1.0.1.jar;D:\Maven-Repository\repository\com\netflix\netflix-commons\netflix-eventbus\0.3.0\netflix-eventbus-0.3.0.jar;D:\Maven-Repository\repository\com\netflix\netflix-commons\netflix-infix\0.3.0\netflix-infix-0.3.0.jar;D:\Maven-Repository\repository\commons-jxpath\commons-jxpath\1.3\commons-jxpath-1.3.jar;D:\Maven-Repository\repository\joda-time\joda-time\2.3\joda-time-2.3.jar;D:\Maven-Repository\repository\org\antlr\antlr-runtime\3.4\antlr-runtime-3.4.jar;D:\Maven-Repository\repository\org\antlr\stringtemplate\3.2.1\stringtemplate-3.2.1.jar;D:\Maven-Repository\repository\antlr\antlr\2.7.7\antlr-2.7.7.jar;D:\Maven-Repository\repository\org\apache\commons\commons-math\2.2\commons-math-2.2.jar;D:\Maven-Repository\repository\javax\ws\rs\jsr311-api\1.1.1\jsr311-api-1.1.1.jar;D:\Maven-Repository\repository\com\netflix\servo\servo-core\0.12.21\servo-core-0.12.21.jar;D:\Maven-Repository\repository\com\sun\jersey\jersey-core\1.19.1\jersey-core-1.19.1.jar;D:\Maven-Repository\repository\com\sun\jersey\jersey-client\1.19.1\jersey-client-1.19.1.jar;D:\Maven-Repository\repository\com\sun\jersey\contribs\jersey-apache-client4\1.19.1\jersey-apache-client4-1.19.1.jar;D:\Maven-Repository\repository\org\apache\httpcomponents\httpclient\4.5.3\httpclient-4.5.3.jar;D:\Maven-Repository\repository\org\apache\httpcomponents\httpcore\4.4.6\httpcore-4.4.6.jar;D:\Maven-Repository\repository\commons-codec\commons-codec\1.9\commons-codec-1.9.jar;D:\Maven-Repository\repository\com\google\inject\guice\4.1.0\guice-4.1.0.jar;D:\Maven-Repository\repository\aopalliance\aopalliance\1.0\aopalliance-1.0.jar;D:\Maven-Repository\repository\com\github\vlsi\compactmap\compactmap\1.2.1\compactmap-1.2.1.jar;D:\Maven-Repository\repository\com\github\andrewoma\dexx\dexx-collections\0.2\dexx-collections-0.2.jar;D:\Maven-Repository\repository\com\fasterxml\jackson\core\jackson-annotations\2.9.4\jackson-annotations-2.9.4.jar;D:\Maven-Repository\repository\com\fasterxml\jackson\core\jackson-core\2.9.4\jackson-core-2.9.4.jar;D:\Maven-Repository\repository\com\fasterxml\jackson\core\jackson-databind\2.9.4\jackson-databind-2.9.4.jar;D:\Maven-Repository\repository\com\sun\jersey\jersey-servlet\1.19.1\jersey-servlet-1.19.1.jar;D:\Maven-Repository\repository\com\sun\jersey\jersey-server\1.19.1\jersey-server-1.19.1.jar;D:\Maven-Repository\repository\com\netflix\eureka\eureka-core\1.9.8\eureka-core-1.9.8.jar;D:\Maven-Repository\repository\org\codehaus\woodstox\woodstox-core-asl\4.4.1\woodstox-core-asl-4.4.1.jar;D:\Maven-Repository\repository\javax\xml\stream\stax-api\1.0-2\stax-api-1.0-2.jar;D:\Maven-Repository\repository\com\netflix\archaius\archaius-core\0.7.6\archaius-core-0.7.6.jar;D:\Maven-Repository\repository\com\google\code\findbugs\jsr305\3.0.1\jsr305-3.0.1.jar;D:\Maven-Repository\repository\com\google\guava\guava\16.0\guava-16.0.jar;D:\Maven-Repository\repository\javax\inject\javax.inject\1\javax.inject-1.jar;D:\Maven-Repository\repository\com\fasterxml\jackson\dataformat\jackson-dataformat-xml\2.9.7\jackson-dataformat-xml-2.9.7.jar;D:\Maven-Repository\repository\com\fasterxml\jackson\module\jackson-module-jaxb-annotations\2.9.7\jackson-module-jaxb-annotations-2.9.7.jar;D:\Maven-Repository\repository\org\codehaus\woodstox\stax2-api\3.1.4\stax2-api-3.1.4.jar;D:\Maven-Repository\repository\com\fasterxml\woodstox\woodstox-core\5.0.3\woodstox-core-5.0.3.jar;D:\Maven-Repository\repository\com\thoughtworks\xstream\xstream\1.4.10\xstream-1.4.10.jar;D:\Maven-Repository\repository\xmlpull\xmlpull\1.1.3.1\xmlpull-1.1.3.1.jar;D:\Maven-Repository\repository\xpp3\xpp3_min\1.1.4c\xpp3_min-1.1.4c.jar;D:\Maven-Repository\repository\org\springframework\cloud\spring-cloud-starter-netflix-archaius\2.1.0.M3\spring-cloud-starter-netflix-archaius-2.1.0.M3.jar;D:\Maven-Repository\repository\org\springframework\cloud\spring-cloud-netflix-ribbon\2.1.0.M3\spring-cloud-netflix-ribbon-2.1.0.M3.jar;D:\Maven-Repository\repository\org\springframework\cloud\spring-cloud-netflix-archaius\2.1.0.M3\spring-cloud-netflix-archaius-2.1.0.M3.jar;D:\Maven-Repository\repository\commons-configuration\commons-configuration\1.8\commons-configuration-1.8.jar;D:\Maven-Repository\repository\commons-lang\commons-lang\2.6\commons-lang-2.6.jar;D:\Maven-Repository\repository\org\springframework\cloud\spring-cloud-starter-netflix-ribbon\2.1.0.M3\spring-cloud-starter-netflix-ribbon-2.1.0.M3.jar;D:\Maven-Repository\repository\com\netflix\ribbon\ribbon\2.3.0\ribbon-2.3.0.jar;D:\Maven-Repository\repository\com\netflix\ribbon\ribbon-transport\2.3.0\ribbon-transport-2.3.0.jar;D:\Maven-Repository\repository\io\reactivex\rxnetty-contexts\0.4.9\rxnetty-contexts-0.4.9.jar;D:\Maven-Repository\repository\io\reactivex\rxnetty-servo\0.4.9\rxnetty-servo-0.4.9.jar;D:\Maven-Repository\repository\com\netflix\hystrix\hystrix-core\1.5.12\hystrix-core-1.5.12.jar;D:\Maven-Repository\repository\io\reactivex\rxnetty\0.4.9\rxnetty-0.4.9.jar;D:\Maven-Repository\repository\com\netflix\ribbon\ribbon-core\2.3.0\ribbon-core-2.3.0.jar;D:\Maven-Repository\repository\com\netflix\ribbon\ribbon-httpclient\2.3.0\ribbon-httpclient-2.3.0.jar;D:\Maven-Repository\repository\commons-collections\commons-collections\3.2.2\commons-collections-3.2.2.jar;D:\Maven-Repository\repository\com\netflix\netflix-commons\netflix-commons-util\0.3.0\netflix-commons-util-0.3.0.jar;D:\Maven-Repository\repository\com\netflix\ribbon\ribbon-loadbalancer\2.3.0\ribbon-loadbalancer-2.3.0.jar;D:\Maven-Repository\repository\com\netflix\netflix-commons\netflix-statistics\0.1.1\netflix-statistics-0.1.1.jar;D:\Maven-Repository\repository\io\reactivex\rxjava\1.2.0\rxjava-1.2.0.jar;D:\Maven-Repository\repository\com\netflix\ribbon\ribbon-eureka\2.3.0\ribbon-eureka-2.3.0.jar;D:\Maven-Repository\repository\org\slf4j\slf4j-api\1.7.12\slf4j-api-1.7.12.jar;"/>
    <property name="java.vm.vendor" value="JetBrains s.r.o"/>
    <property name="sun.arch.data.model" value="64"/>
    <property name="user.variant" value=""/>
    <property name="java.vendor.url" value="https://www.jetbrains.com/"/>
    <property name="user.timezone" value="Asia/Shanghai"/>
    <property name="java.vm.specification.version" value="11"/>
    <property name="os.name" value="Windows 10"/>
    <property name="sun.java.launcher" value="SUN_STANDARD"/>
    <property name="user.country" value="CN"/>
    <property name="sun.boot.library.path" value="G:\Intellij IDEA\IntelliJ IDEA 2019.2.4\jbr\bin"/>
    <property name="sun.java.command" value="C:\Users\HP\AppData\Local\Temp\surefire1447193581346996805\surefirebooter848129079794281853.jar C:\Users\HP\AppData\Local\Temp\surefire1447193581346996805 2019-12-11T10-58-51_943-jvmRun1 surefire10090460187419954704tmp surefire_010719558285734780961tmp"/>
    <property name="jdk.debug" value="release"/>
    <property name="surefire.test.class.path" value="D:\Javaday\Azhongji\micro-parent\micro-order\target\test-classes;D:\Javaday\Azhongji\micro-parent\micro-order\target\classes;D:\Maven-Repository\repository\junit\junit\4.11\junit-4.11.jar;D:\Maven-Repository\repository\org\hamcrest\hamcrest-core\1.3\hamcrest-core-1.3.jar;D:\Maven-Repository\repository\org\springframework\boot\spring-boot-starter-tomcat\2.1.0.RELEASE\spring-boot-starter-tomcat-2.1.0.RELEASE.jar;D:\Maven-Repository\repository\javax\annotation\javax.annotation-api\1.3.2\javax.annotation-api-1.3.2.jar;D:\Maven-Repository\repository\org\apache\tomcat\embed\tomcat-embed-core\9.0.12\tomcat-embed-core-9.0.12.jar;D:\Maven-Repository\repository\org\apache\tomcat\embed\tomcat-embed-el\9.0.12\tomcat-embed-el-9.0.12.jar;D:\Maven-Repository\repository\org\apache\tomcat\embed\tomcat-embed-websocket\9.0.12\tomcat-embed-websocket-9.0.12.jar;D:\Maven-Repository\repository\org\springframework\cloud\spring-cloud-starter\2.1.0.M2\spring-cloud-starter-2.1.0.M2.jar;D:\Maven-Repository\repository\org\springframework\boot\spring-boot-starter\2.1.0.RELEASE\spring-boot-starter-2.1.0.RELEASE.jar;D:\Maven-Repository\repository\org\springframework\boot\spring-boot\2.1.0.RELEASE\spring-boot-2.1.0.RELEASE.jar;D:\Maven-Repository\repository\org\springframework\spring-context\5.1.2.RELEASE\spring-context-5.1.2.RELEASE.jar;D:\Maven-Repository\repository\org\springframework\spring-aop\5.1.2.RELEASE\spring-aop-5.1.2.RELEASE.jar;D:\Maven-Repository\repository\org\springframework\spring-beans\5.1.2.RELEASE\spring-beans-5.1.2.RELEASE.jar;D:\Maven-Repository\repository\org\springframework\spring-expression\5.1.2.RELEASE\spring-expression-5.1.2.RELEASE.jar;D:\Maven-Repository\repository\org\springframework\boot\spring-boot-autoconfigure\2.1.0.RELEASE\spring-boot-autoconfigure-2.1.0.RELEASE.jar;D:\Maven-Repository\repository\org\springframework\boot\spring-boot-starter-logging\2.1.0.RELEASE\spring-boot-starter-logging-2.1.0.RELEASE.jar;D:\Maven-Repository\repository\ch\qos\logback\logback-classic\1.2.3\logback-classic-1.2.3.jar;D:\Maven-Repository\repository\ch\qos\logback\logback-core\1.2.3\logback-core-1.2.3.jar;D:\Maven-Repository\repository\org\apache\logging\log4j\log4j-to-slf4j\2.11.1\log4j-to-slf4j-2.11.1.jar;D:\Maven-Repository\repository\org\apache\logging\log4j\log4j-api\2.11.1\log4j-api-2.11.1.jar;D:\Maven-Repository\repository\org\slf4j\jul-to-slf4j\1.7.25\jul-to-slf4j-1.7.25.jar;D:\Maven-Repository\repository\org\springframework\spring-core\5.1.2.RELEASE\spring-core-5.1.2.RELEASE.jar;D:\Maven-Repository\repository\org\springframework\spring-jcl\5.1.2.RELEASE\spring-jcl-5.1.2.RELEASE.jar;D:\Maven-Repository\repository\org\yaml\snakeyaml\1.23\snakeyaml-1.23.jar;D:\Maven-Repository\repository\org\springframework\cloud\spring-cloud-context\2.1.0.M2\spring-cloud-context-2.1.0.M2.jar;D:\Maven-Repository\repository\org\springframework\security\spring-security-crypto\5.1.1.RELEASE\spring-security-crypto-5.1.1.RELEASE.jar;D:\Maven-Repository\repository\org\springframework\cloud\spring-cloud-commons\2.1.0.M2\spring-cloud-commons-2.1.0.M2.jar;D:\Maven-Repository\repository\org\springframework\security\spring-security-rsa\1.0.7.RELEASE\spring-security-rsa-1.0.7.RELEASE.jar;D:\Maven-Repository\repository\org\bouncycastle\bcpkix-jdk15on\1.60\bcpkix-jdk15on-1.60.jar;D:\Maven-Repository\repository\org\bouncycastle\bcprov-jdk15on\1.60\bcprov-jdk15on-1.60.jar;D:\Maven-Repository\repository\org\springframework\cloud\spring-cloud-starter-netflix-eureka-server\2.1.0.M3\spring-cloud-starter-netflix-eureka-server-2.1.0.M3.jar;D:\Maven-Repository\repository\org\springframework\cloud\spring-cloud-netflix-eureka-server\2.1.0.M3\spring-cloud-netflix-eureka-server-2.1.0.M3.jar;D:\Maven-Repository\repository\org\springframework\boot\spring-boot-starter-web\2.1.0.RELEASE\spring-boot-starter-web-2.1.0.RELEASE.jar;D:\Maven-Repository\repository\org\springframework\boot\spring-boot-starter-json\2.1.0.RELEASE\spring-boot-starter-json-2.1.0.RELEASE.jar;D:\Maven-Repository\repository\com\fasterxml\jackson\datatype\jackson-datatype-jdk8\2.9.7\jackson-datatype-jdk8-2.9.7.jar;D:\Maven-Repository\repository\com\fasterxml\jackson\datatype\jackson-datatype-jsr310\2.9.7\jackson-datatype-jsr310-2.9.7.jar;D:\Maven-Repository\repository\com\fasterxml\jackson\module\jackson-module-parameter-names\2.9.7\jackson-module-parameter-names-2.9.7.jar;D:\Maven-Repository\repository\org\hibernate\validator\hibernate-validator\6.0.13.Final\hibernate-validator-6.0.13.Final.jar;D:\Maven-Repository\repository\javax\validation\validation-api\2.0.1.Final\validation-api-2.0.1.Final.jar;D:\Maven-Repository\repository\org\jboss\logging\jboss-logging\3.3.2.Final\jboss-logging-3.3.2.Final.jar;D:\Maven-Repository\repository\com\fasterxml\classmate\1.3.4\classmate-1.3.4.jar;D:\Maven-Repository\repository\org\springframework\spring-web\5.1.2.RELEASE\spring-web-5.1.2.RELEASE.jar;D:\Maven-Repository\repository\org\springframework\spring-webmvc\5.1.2.RELEASE\spring-webmvc-5.1.2.RELEASE.jar;D:\Maven-Repository\repository\org\springframework\boot\spring-boot-starter-actuator\2.1.0.RELEASE\spring-boot-starter-actuator-2.1.0.RELEASE.jar;D:\Maven-Repository\repository\org\springframework\boot\spring-boot-actuator-autoconfigure\2.1.0.RELEASE\spring-boot-actuator-autoconfigure-2.1.0.RELEASE.jar;D:\Maven-Repository\repository\org\springframework\boot\spring-boot-actuator\2.1.0.RELEASE\spring-boot-actuator-2.1.0.RELEASE.jar;D:\Maven-Repository\repository\io\micrometer\micrometer-core\1.1.0\micrometer-core-1.1.0.jar;D:\Maven-Repository\repository\org\hdrhistogram\HdrHistogram\2.1.9\HdrHistogram-2.1.9.jar;D:\Maven-Repository\repository\org\latencyutils\LatencyUtils\2.0.3\LatencyUtils-2.0.3.jar;D:\Maven-Repository\repository\org\springframework\boot\spring-boot-starter-freemarker\2.1.0.RELEASE\spring-boot-starter-freemarker-2.1.0.RELEASE.jar;D:\Maven-Repository\repository\org\freemarker\freemarker\2.3.28\freemarker-2.3.28.jar;D:\Maven-Repository\repository\org\springframework\spring-context-support\5.1.2.RELEASE\spring-context-support-5.1.2.RELEASE.jar;D:\Maven-Repository\repository\org\springframework\cloud\spring-cloud-netflix-hystrix\2.1.0.M3\spring-cloud-netflix-hystrix-2.1.0.M3.jar;D:\Maven-Repository\repository\org\springframework\boot\spring-boot-starter-aop\2.1.0.RELEASE\spring-boot-starter-aop-2.1.0.RELEASE.jar;D:\Maven-Repository\repository\org\aspectj\aspectjweaver\1.9.2\aspectjweaver-1.9.2.jar;D:\Maven-Repository\repository\org\springframework\cloud\spring-cloud-netflix-eureka-client\2.1.0.M3\spring-cloud-netflix-eureka-client-2.1.0.M3.jar;D:\Maven-Repository\repository\com\netflix\eureka\eureka-client\1.9.8\eureka-client-1.9.8.jar;D:\Maven-Repository\repository\org\codehaus\jettison\jettison\1.3.7\jettison-1.3.7.jar;D:\Maven-Repository\repository\stax\stax-api\1.0.1\stax-api-1.0.1.jar;D:\Maven-Repository\repository\com\netflix\netflix-commons\netflix-eventbus\0.3.0\netflix-eventbus-0.3.0.jar;D:\Maven-Repository\repository\com\netflix\netflix-commons\netflix-infix\0.3.0\netflix-infix-0.3.0.jar;D:\Maven-Repository\repository\commons-jxpath\commons-jxpath\1.3\commons-jxpath-1.3.jar;D:\Maven-Repository\repository\joda-time\joda-time\2.3\joda-time-2.3.jar;D:\Maven-Repository\repository\org\antlr\antlr-runtime\3.4\antlr-runtime-3.4.jar;D:\Maven-Repository\repository\org\antlr\stringtemplate\3.2.1\stringtemplate-3.2.1.jar;D:\Maven-Repository\repository\antlr\antlr\2.7.7\antlr-2.7.7.jar;D:\Maven-Repository\repository\org\apache\commons\commons-math\2.2\commons-math-2.2.jar;D:\Maven-Repository\repository\javax\ws\rs\jsr311-api\1.1.1\jsr311-api-1.1.1.jar;D:\Maven-Repository\repository\com\netflix\servo\servo-core\0.12.21\servo-core-0.12.21.jar;D:\Maven-Repository\repository\com\sun\jersey\jersey-core\1.19.1\jersey-core-1.19.1.jar;D:\Maven-Repository\repository\com\sun\jersey\jersey-client\1.19.1\jersey-client-1.19.1.jar;D:\Maven-Repository\repository\com\sun\jersey\contribs\jersey-apache-client4\1.19.1\jersey-apache-client4-1.19.1.jar;D:\Maven-Repository\repository\org\apache\httpcomponents\httpclient\4.5.3\httpclient-4.5.3.jar;D:\Maven-Repository\repository\org\apache\httpcomponents\httpcore\4.4.6\httpcore-4.4.6.jar;D:\Maven-Repository\repository\commons-codec\commons-codec\1.9\commons-codec-1.9.jar;D:\Maven-Repository\repository\com\google\inject\guice\4.1.0\guice-4.1.0.jar;D:\Maven-Repository\repository\aopalliance\aopalliance\1.0\aopalliance-1.0.jar;D:\Maven-Repository\repository\com\github\vlsi\compactmap\compactmap\1.2.1\compactmap-1.2.1.jar;D:\Maven-Repository\repository\com\github\andrewoma\dexx\dexx-collections\0.2\dexx-collections-0.2.jar;D:\Maven-Repository\repository\com\fasterxml\jackson\core\jackson-annotations\2.9.4\jackson-annotations-2.9.4.jar;D:\Maven-Repository\repository\com\fasterxml\jackson\core\jackson-core\2.9.4\jackson-core-2.9.4.jar;D:\Maven-Repository\repository\com\fasterxml\jackson\core\jackson-databind\2.9.4\jackson-databind-2.9.4.jar;D:\Maven-Repository\repository\com\sun\jersey\jersey-servlet\1.19.1\jersey-servlet-1.19.1.jar;D:\Maven-Repository\repository\com\sun\jersey\jersey-server\1.19.1\jersey-server-1.19.1.jar;D:\Maven-Repository\repository\com\netflix\eureka\eureka-core\1.9.8\eureka-core-1.9.8.jar;D:\Maven-Repository\repository\org\codehaus\woodstox\woodstox-core-asl\4.4.1\woodstox-core-asl-4.4.1.jar;D:\Maven-Repository\repository\javax\xml\stream\stax-api\1.0-2\stax-api-1.0-2.jar;D:\Maven-Repository\repository\com\netflix\archaius\archaius-core\0.7.6\archaius-core-0.7.6.jar;D:\Maven-Repository\repository\com\google\code\findbugs\jsr305\3.0.1\jsr305-3.0.1.jar;D:\Maven-Repository\repository\com\google\guava\guava\16.0\guava-16.0.jar;D:\Maven-Repository\repository\javax\inject\javax.inject\1\javax.inject-1.jar;D:\Maven-Repository\repository\com\fasterxml\jackson\dataformat\jackson-dataformat-xml\2.9.7\jackson-dataformat-xml-2.9.7.jar;D:\Maven-Repository\repository\com\fasterxml\jackson\module\jackson-module-jaxb-annotations\2.9.7\jackson-module-jaxb-annotations-2.9.7.jar;D:\Maven-Repository\repository\org\codehaus\woodstox\stax2-api\3.1.4\stax2-api-3.1.4.jar;D:\Maven-Repository\repository\com\fasterxml\woodstox\woodstox-core\5.0.3\woodstox-core-5.0.3.jar;D:\Maven-Repository\repository\com\thoughtworks\xstream\xstream\1.4.10\xstream-1.4.10.jar;D:\Maven-Repository\repository\xmlpull\xmlpull\1.1.3.1\xmlpull-1.1.3.1.jar;D:\Maven-Repository\repository\xpp3\xpp3_min\1.1.4c\xpp3_min-1.1.4c.jar;D:\Maven-Repository\repository\org\springframework\cloud\spring-cloud-starter-netflix-archaius\2.1.0.M3\spring-cloud-starter-netflix-archaius-2.1.0.M3.jar;D:\Maven-Repository\repository\org\springframework\cloud\spring-cloud-netflix-ribbon\2.1.0.M3\spring-cloud-netflix-ribbon-2.1.0.M3.jar;D:\Maven-Repository\repository\org\springframework\cloud\spring-cloud-netflix-archaius\2.1.0.M3\spring-cloud-netflix-archaius-2.1.0.M3.jar;D:\Maven-Repository\repository\commons-configuration\commons-configuration\1.8\commons-configuration-1.8.jar;D:\Maven-Repository\repository\commons-lang\commons-lang\2.6\commons-lang-2.6.jar;D:\Maven-Repository\repository\org\springframework\cloud\spring-cloud-starter-netflix-ribbon\2.1.0.M3\spring-cloud-starter-netflix-ribbon-2.1.0.M3.jar;D:\Maven-Repository\repository\com\netflix\ribbon\ribbon\2.3.0\ribbon-2.3.0.jar;D:\Maven-Repository\repository\com\netflix\ribbon\ribbon-transport\2.3.0\ribbon-transport-2.3.0.jar;D:\Maven-Repository\repository\io\reactivex\rxnetty-contexts\0.4.9\rxnetty-contexts-0.4.9.jar;D:\Maven-Repository\repository\io\reactivex\rxnetty-servo\0.4.9\rxnetty-servo-0.4.9.jar;D:\Maven-Repository\repository\com\netflix\hystrix\hystrix-core\1.5.12\hystrix-core-1.5.12.jar;D:\Maven-Repository\repository\io\reactivex\rxnetty\0.4.9\rxnetty-0.4.9.jar;D:\Maven-Repository\repository\com\netflix\ribbon\ribbon-core\2.3.0\ribbon-core-2.3.0.jar;D:\Maven-Repository\repository\com\netflix\ribbon\ribbon-httpclient\2.3.0\ribbon-httpclient-2.3.0.jar;D:\Maven-Repository\repository\commons-collections\commons-collections\3.2.2\commons-collections-3.2.2.jar;D:\Maven-Repository\repository\com\netflix\netflix-commons\netflix-commons-util\0.3.0\netflix-commons-util-0.3.0.jar;D:\Maven-Repository\repository\com\netflix\ribbon\ribbon-loadbalancer\2.3.0\ribbon-loadbalancer-2.3.0.jar;D:\Maven-Repository\repository\com\netflix\netflix-commons\netflix-statistics\0.1.1\netflix-statistics-0.1.1.jar;D:\Maven-Repository\repository\io\reactivex\rxjava\1.2.0\rxjava-1.2.0.jar;D:\Maven-Repository\repository\com\netflix\ribbon\ribbon-eureka\2.3.0\ribbon-eureka-2.3.0.jar;D:\Maven-Repository\repository\org\slf4j\slf4j-api\1.7.12\slf4j-api-1.7.12.jar;"/>
    <property name="sun.cpu.endian" value="little"/>
    <property name="user.home" value="C:\Users\HP"/>
    <property name="user.language" value="zh"/>
    <property name="java.specification.vendor" value="Oracle Corporation"/>
    <property name="java.version.date" value="2019-07-16"/>
    <property name="java.home" value="G:\Intellij IDEA\IntelliJ IDEA 2019.2.4\jbr"/>
    <property name="file.separator" value="\"/>
    <property name="basedir" value="D:\Javaday\Azhongji\micro-parent\micro-order"/>
    <property name="java.vm.compressedOopsMode" value="Zero based"/>
    <property name="line.separator" value="&#10;"/>
    <property name="idea.version2019.2.4" value="true"/>
    <property name="java.specification.name" value="Java Platform API Specification"/>
    <property name="java.vm.specification.vendor" value="Oracle Corporation"/>
    <property name="java.awt.graphicsenv" value="sun.awt.Win32GraphicsEnvironment"/>
    <property name="surefire.real.class.path" value="C:\Users\HP\AppData\Local\Temp\surefire1447193581346996805\surefirebooter848129079794281853.jar"/>
    <property name="user.script" value=""/>
    <property name="sun.management.compiler" value="HotSpot 64-Bit Tiered Compilers"/>
    <property name="java.runtime.version" value="11.0.4+10-b304.77"/>
    <property name="user.name" value="HP"/>
    <property name="path.separator" value=";"/>
    <property name="os.version" value="10.0"/>
    <property name="java.runtime.name" value="OpenJDK Runtime Environment"/>
    <property name="file.encoding" value="GBK"/>
    <property name="java.vm.name" value="OpenJDK 64-Bit Server VM"/>
    <property name="localRepository" value="D:\Maven-Repository\repository"/>
    <property name="java.vendor.url.bug" value="https://youtrack.jetbrains.com"/>
    <property name="java.io.tmpdir" value="C:\Users\HP\AppData\Local\Temp\"/>
    <property name="java.version" value="11.0.4"/>
    <property name="user.dir" value="D:\Javaday\Azhongji\micro-parent\micro-order"/>
    <property name="os.arch" value="amd64"/>
    <property name="java.vm.specification.name" value="Java Virtual Machine Specification"/>
    <property name="java.awt.printerjob" value="sun.awt.windows.WPrinterJob"/>
    <property name="sun.os.patch.level" value=""/>
    <property name="java.library.path" value="G:\Intellij IDEA\IntelliJ IDEA 2019.2.4\jbr\bin;C:\Windows\Sun\Java\bin;C:\Windows\system32;C:\Windows;C:\Windows\system32;C:\Windows;C:\Windows\System32\Wbem;C:\Windows\System32\WindowsPowerShell\v1.0\;C:\Windows\System32\OpenSSH\;C:\Program Files (x86)\NVIDIA Corporation\PhysX\Common;G:\Git\Git\cmd;G:\jdk-11.0.4\bin;E:\Erlang\erl10.2\bin;C:\Users\HP\AppData\Local\Microsoft\WindowsApps;;."/>
    <property name="java.vendor" value="JetBrains s.r.o"/>
    <property name="java.vm.info" value="mixed mode, sharing"/>
    <property name="java.vm.version" value="11.0.4+10-b304.77"/>
    <property name="sun.io.unicode.encoding" value="UnicodeLittle"/>
    <property name="maven.repo.local" value="D:\Maven-Repository\repository"/>
    <property name="java.class.version" value="55.0"/>
  </properties>
  <testcase name="shouldAnswerWithTrue" classname="com.shsxt.AppTest" time="0.002"/>
</testsuite>